d:\programs\renderer\renderer\renderer\x64\debug\vc143.pdb
d:\programs\renderer\renderer\renderer\x64\debug\vc143.idb
d:\programs\renderer\renderer\renderer\x64\debug\glm.obj
d:\programs\renderer\renderer\renderer\x64\debug\triangles.obj
d:\programs\renderer\renderer\renderer\x64\debug\shaders.obj
d:\programs\renderer\renderer\renderer\x64\debug\roundedrect.obj
d:\programs\renderer\renderer\renderer\x64\debug\rectangle.obj
d:\programs\renderer\renderer\renderer\x64\debug\main.obj
d:\programs\renderer\renderer\renderer\x64\debug\cube.obj
d:\programs\renderer\renderer\renderer\x64\debug\glad.obj
d:\programs\renderer\renderer\x64\debug\renderer.exe
d:\programs\renderer\renderer\x64\debug\renderer.pdb
d:\programs\renderer\renderer\renderer\x64\debug\renderer.ilk
d:\programs\renderer\renderer\renderer\x64\debug\renderer.tlog\cl.command.1.tlog
d:\programs\renderer\renderer\renderer\x64\debug\renderer.tlog\cl.items.tlog
d:\programs\renderer\renderer\renderer\x64\debug\renderer.tlog\cl.read.1.tlog
d:\programs\renderer\renderer\renderer\x64\debug\renderer.tlog\cl.write.1.tlog
d:\programs\renderer\renderer\renderer\x64\debug\renderer.tlog\link.command.1.tlog
d:\programs\renderer\renderer\renderer\x64\debug\renderer.tlog\link.read.1.tlog
d:\programs\renderer\renderer\renderer\x64\debug\renderer.tlog\link.secondary.1.tlog
d:\programs\renderer\renderer\renderer\x64\debug\renderer.tlog\link.write.1.tlog
